1	2.33704e-008	start	
2	2.887	mouseDown	{button:1, clickCount:1, hotSpot:[41.753311, 386.021057]}
3	3.05	mouseUp	{button:1, clickCount:1, hotSpot:[41.753311, 386.021057]}
4	4.188	flagsChanged	262144
5	4.22	flagsChanged	262144
6	4.253	flagsChanged	262144
7	4.293	flagsChanged	262144
8	4.319	flagsChanged	262144
9	4.355	flagsChanged	262144
10	4.393	flagsChanged	262144
11	4.418	flagsChanged	262144
12	4.451	flagsChanged	262144
13	4.488	flagsChanged	262144
14	4.517	flagsChanged	262144
15	4.55	flagsChanged	262144
16	4.594	flagsChanged	262144
17	4.616	flagsChanged	262144
18	4.649	flagsChanged	262144
19	4.69	flagsChanged	262144
20	4.715	flagsChanged	262144
21	4.744	mouseDown	{button:2, clickCount:1, hotSpot:[127.347595, 373.894745]}
22	4.931	flagsChanged	262144
23	4.933	mouseUp	{button:2, clickCount:1, hotSpot:[127.347595, 373.894745]}
24	5.086	flagsChanged	262144
25	5.092	flagsChanged	262144
26	5.131	flagsChanged	262144
27	5.144	flagsChanged	262144
28	5.191	flagsChanged	262144
29	5.21	flagsChanged	262144
30	5.243	flagsChanged	262144
31	5.286	flagsChanged	262144
32	5.309	flagsChanged	262144
33	5.342	flagsChanged	262144
34	5.386	flagsChanged	262144
35	5.408	flagsChanged	262144
36	5.441	flagsChanged	262144
37	5.487	flagsChanged	262144
38	5.507	flagsChanged	262144
39	5.54	flagsChanged	262144
40	5.587	flagsChanged	262144
41	5.606	flagsChanged	262144
42	5.639	flagsChanged	262144
43	5.688	flagsChanged	262144
44	5.707	flagsChanged	262144
45	5.739	flagsChanged	262144
46	5.788	flagsChanged	262144
47	5.804	flagsChanged	262144
48	5.837	flagsChanged	262144
49	5.888	flagsChanged	262144
50	5.903	flagsChanged	262144
51	5.936	flagsChanged	262144
52	5.986	flagsChanged	262144
53	6	mouseDown	{button:2, clickCount:1, hotSpot:[251.56369, 352.673706]}
54	6.149	flagsChanged	262144
55	6.151	mouseUp	{button:2, clickCount:1, hotSpot:[251.56369, 352.673706]}
56	6.294	flagsChanged	262144
57	6.305	flagsChanged	262144
58	6.342	flagsChanged	262144
59	6.39	flagsChanged	262144
60	6.398	flagsChanged	262144
61	6.431	flagsChanged	262144
62	6.486	flagsChanged	262144
63	6.497	flagsChanged	262144
64	6.53	flagsChanged	262144
65	6.587	flagsChanged	262144
66	6.596	flagsChanged	262144
67	6.629	flagsChanged	262144
68	6.688	flagsChanged	262144
69	6.695	flagsChanged	262144
70	6.731	flagsChanged	262144
71	6.788	flagsChanged	262144
72	6.797	flagsChanged	262144
73	6.827	flagsChanged	262144
74	6.888	flagsChanged	262144
75	6.893	flagsChanged	262144
76	6.926	flagsChanged	262144
77	6.987	flagsChanged	262144
78	6.993	flagsChanged	262144
79	7.026	flagsChanged	262144
80	7.088	flagsChanged	262144
81	7.093	flagsChanged	262144
82	7.124	flagsChanged	262144
83	7.187	flagsChanged	262144
84	7.193	flagsChanged	262144
85	7.223	flagsChanged	262144
86	7.286	flagsChanged	262144
87	7.291	flagsChanged	262144
88	7.322	flagsChanged	262144
89	7.386	flagsChanged	262144
90	7.391	flagsChanged	262144
91	7.421	flagsChanged	262144
92	7.454	flagsChanged	262144
93	7.491	flagsChanged	262144
94	7.496	mouseDown	{button:2, clickCount:1, hotSpot:[63.673798, 472.926331]}
95	7.654	flagsChanged	262144
96	7.656	mouseUp	{button:2, clickCount:1, hotSpot:[63.673798, 472.926331]}
97	7.807	flagsChanged	262144
98	7.821	flagsChanged	262144
99	7.826	flagsChanged	262144
100	7.867	flagsChanged	262144
101	7.908	flagsChanged	262144
102	7.916	flagsChanged	262144
103	7.949	flagsChanged	262144
104	7.986	flagsChanged	262144
105	8.015	flagsChanged	262144
106	8.048	flagsChanged	262144
107	8.086	flagsChanged	262144
108	8.114	flagsChanged	262144
109	8.147	flagsChanged	262144
110	8.189	flagsChanged	262144
111	8.213	flagsChanged	262144
112	8.246	flagsChanged	262144
113	8.288	flagsChanged	262144
114	8.312	flagsChanged	262144
115	8.345	flagsChanged	262144
116	8.386	flagsChanged	262144
117	8.411	flagsChanged	262144
118	8.444	flagsChanged	262144
119	8.488	flagsChanged	262144
120	8.51	flagsChanged	262144
121	8.543	flagsChanged	262144
122	8.588	flagsChanged	262144
123	8.609	flagsChanged	262144
124	8.642	flagsChanged	262144
125	8.686	flagsChanged	262144
126	8.708	flagsChanged	262144
127	8.741	flagsChanged	262144
128	8.786	flagsChanged	262144
129	8.807	flagsChanged	262144
130	8.84	flagsChanged	262144
131	8.886	flagsChanged	262144
132	8.906	flagsChanged	262144
133	8.939	flagsChanged	262144
134	8.987	flagsChanged	262144
135	8.989	mouseDown	{button:2, clickCount:1, hotSpot:[162.837906, 458.778961]}
136	9.139	flagsChanged	262144
137	9.141	mouseUp	{button:2, clickCount:1, hotSpot:[162.837906, 458.778961]}
138	9.284	flagsChanged	262144
139	9.293	flagsChanged	262144
140	9.33	flagsChanged	262144
141	9.335	flagsChanged	262144
142	9.389	flagsChanged	262144
143	9.401	flagsChanged	262144
144	9.434	flagsChanged	262144
145	9.486	flagsChanged	262144
146	9.5	flagsChanged	262144
147	9.533	flagsChanged	262144
148	9.586	flagsChanged	262144
149	9.599	flagsChanged	262144
150	9.632	flagsChanged	262144
151	9.686	flagsChanged	262144
152	9.698	flagsChanged	262144
153	9.731	flagsChanged	262144
154	9.788	flagsChanged	262144
155	9.797	flagsChanged	262144
156	9.83	flagsChanged	262144
157	9.835	flagsChanged	0
158	10.751	end	
