1	2.95695e-008	start	
2	2.648	mouseDown	{button:1, clickCount:1, hotSpot:[50.103973, 365.810547]}
3	2.843	mouseUp	{button:1, clickCount:1, hotSpot:[50.103973, 365.810547]}
4	4.203	flagsChanged	262144
5	4.236	flagsChanged	262144
6	4.286	flagsChanged	262144
7	4.302	flagsChanged	262144
8	4.335	flagsChanged	262144
9	4.342	mouseDown	{button:2, clickCount:1, hotSpot:[148.224258, 356.71579]}
10	4.528	flagsChanged	262144
11	4.53	mouseUp	{button:2, clickCount:1, hotSpot:[148.224258, 356.71579]}
12	4.683	flagsChanged	262144
13	4.691	flagsChanged	262144
14	4.698	flagsChanged	262144
15	4.739	flagsChanged	262144
16	4.786	flagsChanged	262144
17	4.797	flagsChanged	262144
18	4.83	flagsChanged	262144
19	4.884	flagsChanged	262144
20	4.896	flagsChanged	262144
21	4.929	flagsChanged	262144
22	4.984	flagsChanged	262144
23	4.995	flagsChanged	262144
24	5.028	flagsChanged	262144
25	5.085	flagsChanged	262144
26	5.094	flagsChanged	262144
27	5.127	flagsChanged	262144
28	5.184	flagsChanged	262144
29	5.193	flagsChanged	262144
30	5.228	flagsChanged	262144
31	5.286	flagsChanged	262144
32	5.295	flagsChanged	262144
33	5.325	flagsChanged	262144
34	5.385	flagsChanged	262144
35	5.393	flagsChanged	262144
36	5.429	flagsChanged	262144
37	5.485	flagsChanged	262144
38	5.494	flagsChanged	262144
39	5.525	flagsChanged	262144
40	5.556	flagsChanged	262144
41	5.597	flagsChanged	262144
42	5.622	flagsChanged	262144
43	5.685	flagsChanged	262144
44	5.692	flagsChanged	262144
45	5.72	mouseDown	{button:2, clickCount:1, hotSpot:[239.037704, 345.600006]}
46	5.902	flagsChanged	262144
47	5.904	mouseUp	{button:2, clickCount:1, hotSpot:[239.037704, 345.600006]}
48	6.049	flagsChanged	262144
49	6.062	flagsChanged	262144
50	6.104	flagsChanged	262144
51	6.119	flagsChanged	262144
52	6.15	flagsChanged	262144
53	6.188	flagsChanged	262144
54	6.216	flagsChanged	262144
55	6.249	flagsChanged	262144
56	6.287	flagsChanged	262144
57	6.315	flagsChanged	262144
58	6.348	flagsChanged	262144
59	6.386	flagsChanged	262144
60	6.414	flagsChanged	262144
61	6.447	flagsChanged	262144
62	6.485	flagsChanged	262144
63	6.513	flagsChanged	262144
64	6.546	flagsChanged	262144
65	6.584	flagsChanged	262144
66	6.613	flagsChanged	262144
67	6.645	flagsChanged	262144
68	6.697	flagsChanged	262144
69	6.711	flagsChanged	262144
70	6.748	flagsChanged	262144
71	6.795	flagsChanged	262144
72	6.81	flagsChanged	262144
73	6.844	flagsChanged	262144
74	6.896	flagsChanged	262144
75	6.909	flagsChanged	262144
76	6.942	flagsChanged	262144
77	6.993	flagsChanged	262144
78	7.008	flagsChanged	262144
79	7.041	flagsChanged	262144
80	7.049	mouseDown	{button:2, clickCount:1, hotSpot:[212.941879, 468.884216]}
81	7.243	flagsChanged	262144
82	7.245	mouseUp	{button:2, clickCount:1, hotSpot:[212.941879, 468.884216]}
83	7.398	flagsChanged	262144
84	7.405	flagsChanged	262144
85	7.446	flagsChanged	262144
86	7.49	flagsChanged	262144
87	7.503	flagsChanged	262144
88	7.536	flagsChanged	262144
89	7.584	flagsChanged	262144
90	7.602	flagsChanged	262144
91	7.635	flagsChanged	262144
92	7.684	flagsChanged	262144
93	7.701	flagsChanged	262144
94	7.734	flagsChanged	262144
95	7.784	flagsChanged	262144
96	7.8	flagsChanged	262144
97	7.833	flagsChanged	262144
98	7.886	flagsChanged	262144
99	7.9	flagsChanged	262144
100	7.933	flagsChanged	262144
101	7.99	flagsChanged	262144
102	7.999	flagsChanged	262144
103	8.032	flagsChanged	262144
104	8.085	flagsChanged	262144
105	8.097	flagsChanged	262144
106	8.13	flagsChanged	262144
107	8.188	flagsChanged	262144
108	8.197	flagsChanged	262144
109	8.229	flagsChanged	262144
110	8.285	flagsChanged	262144
111	8.287	mouseDown	{button:2, clickCount:1, hotSpot:[156.574921, 466.863159]}
112	8.441	flagsChanged	262144
113	8.443	mouseUp	{button:2, clickCount:1, hotSpot:[156.574921, 466.863159]}
114	8.589	flagsChanged	262144
115	8.601	flagsChanged	262144
116	8.642	flagsChanged	262144
117	8.689	flagsChanged	262144
118	8.697	flagsChanged	262144
119	8.724	flagsChanged	262144
120	8.785	flagsChanged	262144
121	8.791	flagsChanged	262144
122	8.823	flagsChanged	262144
123	8.884	flagsChanged	262144
124	8.891	flagsChanged	262144
125	8.922	flagsChanged	262144
126	8.984	flagsChanged	262144
127	8.991	flagsChanged	262144
128	9.021	flagsChanged	262144
129	9.084	flagsChanged	262144
130	9.091	flagsChanged	262144
131	9.12	flagsChanged	262144
132	9.184	flagsChanged	262144
133	9.191	flagsChanged	262144
134	9.219	flagsChanged	262144
135	9.252	flagsChanged	262144
136	9.29	flagsChanged	262144
137	9.318	flagsChanged	262144
138	9.351	flagsChanged	262144
139	9.39	flagsChanged	262144
140	9.42	flagsChanged	262144
141	9.452	flagsChanged	262144
142	9.492	flagsChanged	262144
143	9.511	flagsChanged	0
144	10.768	end	
