1	0.038	start	
2	3.361	mouseDown	{button:1, clickCount:1, hotSpot:[82, 383]}
3	3.523	mouseUp	{button:1, clickCount:1, hotSpot:[82, 383]}
4	4.844	flagsChanged	262144
5	4.877	flagsChanged	262144
6	4.91	flagsChanged	262144
7	4.943	flagsChanged	262144
8	4.976	flagsChanged	262144
9	5.009	flagsChanged	262144
10	5.042	flagsChanged	262144
11	5.075	flagsChanged	262144
12	5.108	flagsChanged	262144
13	5.141	flagsChanged	262144
14	5.174	flagsChanged	262144
15	5.207	flagsChanged	262144
16	5.24	flagsChanged	262144
17	5.273	flagsChanged	262144
18	5.306	flagsChanged	262144
19	5.339	flagsChanged	262144
20	5.372	flagsChanged	262144
21	5.405	flagsChanged	262144
22	5.438	flagsChanged	262144
23	5.471	flagsChanged	262144
24	5.504	flagsChanged	262144
25	5.537	flagsChanged	262144
26	5.544	mouseDown	{button:2, clickCount:1, hotSpot:[132, 385]}
27	5.698	flagsChanged	262144
28	5.7	mouseUp	{button:2, clickCount:1, hotSpot:[132, 385]}
29	5.858	flagsChanged	262144
30	5.869	flagsChanged	262144
31	5.901	flagsChanged	262144
32	5.933	flagsChanged	262144
33	5.966	flagsChanged	262144
34	6	flagsChanged	262144
35	6.032	flagsChanged	262144
36	6.065	flagsChanged	262144
37	6.101	flagsChanged	262144
38	6.131	flagsChanged	262144
39	6.164	flagsChanged	262144
40	6.201	flagsChanged	262144
41	6.23	flagsChanged	262144
42	6.263	flagsChanged	262144
43	6.3	flagsChanged	262144
44	6.329	flagsChanged	262144
45	6.362	flagsChanged	262144
46	6.4	flagsChanged	262144
47	6.428	flagsChanged	262144
48	6.461	flagsChanged	262144
49	6.501	flagsChanged	262144
50	6.527	flagsChanged	262144
51	6.56	flagsChanged	262144
52	6.593	flagsChanged	262144
53	6.626	flagsChanged	262144
54	6.659	flagsChanged	262144
55	6.692	flagsChanged	262144
56	6.725	flagsChanged	262144
57	6.758	flagsChanged	262144
58	6.791	flagsChanged	262144
59	6.825	flagsChanged	262144
60	6.86	flagsChanged	262144
61	6.89	flagsChanged	262144
62	6.923	flagsChanged	262144
63	6.956	flagsChanged	262144
64	6.989	flagsChanged	262144
65	7.022	flagsChanged	262144
66	7.055	flagsChanged	262144
67	7.089	flagsChanged	262144
68	7.121	flagsChanged	262144
69	7.154	flagsChanged	262144
70	7.187	flagsChanged	262144
71	7.22	flagsChanged	262144
72	7.253	flagsChanged	262144
73	7.286	flagsChanged	262144
74	7.319	flagsChanged	262144
75	7.352	flagsChanged	262144
76	7.385	flagsChanged	262144
77	7.439	mouseDown	{button:2, clickCount:1, hotSpot:[237, 363]}
78	7.587	flagsChanged	262144
79	7.589	mouseUp	{button:2, clickCount:1, hotSpot:[237, 363]}
80	7.733	flagsChanged	262144
81	7.739	flagsChanged	262144
82	7.751	flagsChanged	262144
83	7.781	flagsChanged	262144
84	7.814	flagsChanged	262144
85	7.847	flagsChanged	262144
86	7.88	flagsChanged	262144
87	7.913	flagsChanged	262144
88	7.946	flagsChanged	262144
89	7.979	flagsChanged	262144
90	8.012	flagsChanged	262144
91	8.045	flagsChanged	262144
92	8.078	flagsChanged	262144
93	8.111	flagsChanged	262144
94	8.144	flagsChanged	262144
95	8.177	flagsChanged	262144
96	8.21	flagsChanged	262144
97	8.243	flagsChanged	262144
98	8.276	flagsChanged	262144
99	8.309	flagsChanged	262144
100	8.342	flagsChanged	262144
101	8.375	flagsChanged	262144
102	8.408	flagsChanged	262144
103	8.443	flagsChanged	262144
104	8.475	flagsChanged	262144
105	8.509	flagsChanged	262144
106	8.54	flagsChanged	262144
107	8.573	flagsChanged	262144
108	8.607	flagsChanged	262144
109	8.645	flagsChanged	262144
110	8.672	flagsChanged	262144
111	8.705	flagsChanged	262144
112	8.738	flagsChanged	262144
113	8.771	flagsChanged	262144
114	8.807	flagsChanged	262144
115	8.837	flagsChanged	262144
116	8.87	flagsChanged	262144
117	8.903	flagsChanged	262144
118	8.936	flagsChanged	262144
119	8.969	flagsChanged	262144
120	9.002	flagsChanged	262144
121	9.035	flagsChanged	262144
122	9.068	flagsChanged	262144
123	9.101	flagsChanged	262144
124	9.134	flagsChanged	262144
125	9.167	flagsChanged	262144
126	9.201	flagsChanged	262144
127	9.233	flagsChanged	262144
128	9.266	flagsChanged	262144
129	9.3	flagsChanged	262144
130	9.332	flagsChanged	262144
131	9.365	flagsChanged	262144
132	9.401	flagsChanged	262144
133	9.431	flagsChanged	262144
134	9.464	flagsChanged	262144
135	9.5	flagsChanged	262144
136	9.53	flagsChanged	262144
137	9.563	flagsChanged	262144
138	9.601	flagsChanged	262144
139	9.629	flagsChanged	262144
140	9.662	flagsChanged	262144
141	9.702	flagsChanged	262144
142	9.704	mouseDown	{button:2, clickCount:1, hotSpot:[32, 466]}
143	9.859	flagsChanged	262144
144	9.864	flagsChanged	262144
145	9.893	flagsChanged	262144
146	9.926	flagsChanged	262144
147	9.959	flagsChanged	262144
148	9.992	flagsChanged	262144
149	10.026	flagsChanged	262144
150	10.058	flagsChanged	262144
151	10.091	flagsChanged	262144
152	10.124	flagsChanged	262144
153	10.157	flagsChanged	262144
154	10.19	flagsChanged	262144
155	10.223	flagsChanged	262144
156	10.256	flagsChanged	262144
157	10.289	flagsChanged	262144
158	10.322	flagsChanged	262144
159	10.355	flagsChanged	262144
160	10.388	flagsChanged	262144
161	10.416	mouseUp	{button:2, clickCount:1, hotSpot:[32, 466]}
162	10.575	flagsChanged	262144
163	10.587	flagsChanged	262144
164	10.619	flagsChanged	262144
165	10.652	flagsChanged	262144
166	10.685	flagsChanged	262144
167	10.718	flagsChanged	262144
168	10.751	flagsChanged	262144
169	10.784	flagsChanged	262144
170	10.817	flagsChanged	262144
171	10.85	flagsChanged	262144
172	10.883	flagsChanged	262144
173	10.916	flagsChanged	262144
174	10.949	flagsChanged	262144
175	10.982	flagsChanged	262144
176	11.015	flagsChanged	262144
177	11.048	flagsChanged	262144
178	11.081	flagsChanged	262144
179	11.114	flagsChanged	262144
180	11.147	flagsChanged	262144
181	11.18	flagsChanged	262144
182	11.213	flagsChanged	262144
183	11.246	flagsChanged	262144
184	11.279	flagsChanged	262144
185	11.312	flagsChanged	262144
186	11.345	flagsChanged	262144
187	11.378	flagsChanged	262144
188	11.411	flagsChanged	262144
189	11.444	flagsChanged	262144
190	11.477	flagsChanged	262144
191	11.51	flagsChanged	262144
192	11.543	flagsChanged	262144
193	11.576	flagsChanged	262144
194	11.609	flagsChanged	262144
195	11.642	flagsChanged	262144
196	11.675	flagsChanged	262144
197	11.708	flagsChanged	262144
198	11.741	flagsChanged	262144
199	11.774	flagsChanged	262144
200	11.807	flagsChanged	262144
201	11.84	flagsChanged	262144
202	11.873	flagsChanged	262144
203	11.906	flagsChanged	262144
204	11.939	flagsChanged	262144
205	11.972	flagsChanged	262144
206	12.007	flagsChanged	262144
207	12.038	flagsChanged	262144
208	12.071	flagsChanged	262144
209	12.106	flagsChanged	262144
210	12.139	flagsChanged	262144
211	12.171	flagsChanged	262144
212	12.204	flagsChanged	262144
213	12.236	flagsChanged	262144
214	12.264	flagsChanged	0
215	15.704	end	
